<?xml version="1.0" encoding="UTF-8"?>
<Site BuildName="(empty)"
	BuildStamp="20250621-0205-Experimental"
	Name="(empty)"
	Generator="ctest-3.28.3"
	CompilerName=""
	CompilerVersion=""
	OSName="Linux"
	Hostname="mesut-Vostro-5471"
	OSRelease="6.8.0-62-generic"
	OSVersion="#65-Ubuntu SMP PREEMPT_DYNAMIC Mon May 19 17:15:03 UTC 2025"
	OSPlatform="x86_64"
	Is64Bits="1"
	VendorString="GenuineIntel"
	VendorID="Intel Corporation"
	FamilyID="6"
	ModelID="142"
	ProcessorCacheSize="8192"
	NumberOfLogicalCPU="8"
	NumberOfPhysicalCPU="4"
	TotalVirtualMemory="16183"
	TotalPhysicalMemory="7840"
	LogicalProcessorsPerPhysical="2"
	ProcessorClockFrequency="2400.56"
	>
	<Testing>
		<StartDateTime>Jun 21 05:45 +03</StartDateTime>
		<StartTestTime>1750473918</StartTestTime>
		<TestList/>
		<EndDateTime>Jun 21 05:45 +03</EndDateTime>
		<EndTestTime>1750473918</EndTestTime>
		<ElapsedMinutes>0</ElapsedMinutes>
	</Testing>
</Site>
